2023-05-15 17:09:17.002763: I tensorflow/core/platform/cpu_feature_guard.cc:193] This TensorFlow binary is optimized with oneAPI Deep Neural Network Library (oneDNN) to use the following CPU instructions in performance-critical operations:  AVX2 FMA
To enable them in other operations, rebuild TensorFlow with the appropriate compiler flags.
2023-05-15 17:09:18.351919: W tensorflow/compiler/xla/stream_executor/platform/default/dso_loader.cc:64] Could not load dynamic library 'libnvinfer.so.7'; dlerror: libnvinfer.so.7: cannot open shared object file: No such file or directory; LD_LIBRARY_PATH: /lnet/aic/opt/cuda/cuda-11.2/lib64:/lnet/aic/opt/cuda/cuda-11.2/cudnn/8.1.1/lib64:/lnet/aic/opt/cuda/cuda-11.2/extras/CUPTI/lib64:/lnet/aic/opt/cuda/cuda-11.2/lib64:/lnet/aic/opt/cuda/cuda-11.2/cudnn/8.1.1/lib64:/lnet/aic/opt/cuda/cuda-11.2/extras/CUPTI/lib64:
2023-05-15 17:09:18.352867: W tensorflow/compiler/xla/stream_executor/platform/default/dso_loader.cc:64] Could not load dynamic library 'libnvinfer_plugin.so.7'; dlerror: libnvinfer_plugin.so.7: cannot open shared object file: No such file or directory; LD_LIBRARY_PATH: /lnet/aic/opt/cuda/cuda-11.2/lib64:/lnet/aic/opt/cuda/cuda-11.2/cudnn/8.1.1/lib64:/lnet/aic/opt/cuda/cuda-11.2/extras/CUPTI/lib64:/lnet/aic/opt/cuda/cuda-11.2/lib64:/lnet/aic/opt/cuda/cuda-11.2/cudnn/8.1.1/lib64:/lnet/aic/opt/cuda/cuda-11.2/extras/CUPTI/lib64:
2023-05-15 17:09:18.352908: W tensorflow/compiler/tf2tensorrt/utils/py_utils.cc:38] TF-TRT Warning: Cannot dlopen some TensorRT libraries. If you would like to use Nvidia GPU with TensorRT, please make sure the missing libraries mentioned above are installed properly.
/lnet/aic/personal/pechmanp/master-thesis/code/pipeline/.venv/lib/python3.9/site-packages/transformers/convert_slow_tokenizer.py:446: UserWarning: The sentencepiece tokenizer that you are converting to a fast tokenizer uses the byte fallback option which is not implemented in the fast tokenizers. In practice this means that the fast version of the tokenizer can produce unknown tokens whereas the sentencepiece version would have converted these unknown tokens into a sequence of byte tokens matching the original piece of text.
  warnings.warn(
2023-05-15 17:09:23.081779: I tensorflow/core/platform/cpu_feature_guard.cc:193] This TensorFlow binary is optimized with oneAPI Deep Neural Network Library (oneDNN) to use the following CPU instructions in performance-critical operations:  AVX2 FMA
To enable them in other operations, rebuild TensorFlow with the appropriate compiler flags.
2023-05-15 17:09:24.348374: W tensorflow/compiler/xla/stream_executor/platform/default/dso_loader.cc:64] Could not load dynamic library 'libnvinfer.so.7'; dlerror: libnvinfer.so.7: cannot open shared object file: No such file or directory; LD_LIBRARY_PATH: /lnet/aic/opt/cuda/cuda-11.2/lib64:/lnet/aic/opt/cuda/cuda-11.2/cudnn/8.1.1/lib64:/lnet/aic/opt/cuda/cuda-11.2/extras/CUPTI/lib64:/lnet/aic/opt/cuda/cuda-11.2/lib64:/lnet/aic/opt/cuda/cuda-11.2/cudnn/8.1.1/lib64:/lnet/aic/opt/cuda/cuda-11.2/extras/CUPTI/lib64:
2023-05-15 17:09:24.348546: W tensorflow/compiler/xla/stream_executor/platform/default/dso_loader.cc:64] Could not load dynamic library 'libnvinfer_plugin.so.7'; dlerror: libnvinfer_plugin.so.7: cannot open shared object file: No such file or directory; LD_LIBRARY_PATH: /lnet/aic/opt/cuda/cuda-11.2/lib64:/lnet/aic/opt/cuda/cuda-11.2/cudnn/8.1.1/lib64:/lnet/aic/opt/cuda/cuda-11.2/extras/CUPTI/lib64:/lnet/aic/opt/cuda/cuda-11.2/lib64:/lnet/aic/opt/cuda/cuda-11.2/cudnn/8.1.1/lib64:/lnet/aic/opt/cuda/cuda-11.2/extras/CUPTI/lib64:
2023-05-15 17:09:24.348577: W tensorflow/compiler/tf2tensorrt/utils/py_utils.cc:38] TF-TRT Warning: Cannot dlopen some TensorRT libraries. If you would like to use Nvidia GPU with TensorRT, please make sure the missing libraries mentioned above are installed properly.
2023-05-15 17:09:26.367754: I tensorflow/core/platform/cpu_feature_guard.cc:193] This TensorFlow binary is optimized with oneAPI Deep Neural Network Library (oneDNN) to use the following CPU instructions in performance-critical operations:  AVX2 FMA
To enable them in other operations, rebuild TensorFlow with the appropriate compiler flags.
2023-05-15 17:09:27.584216: W tensorflow/compiler/xla/stream_executor/platform/default/dso_loader.cc:64] Could not load dynamic library 'libnvinfer.so.7'; dlerror: libnvinfer.so.7: cannot open shared object file: No such file or directory; LD_LIBRARY_PATH: /lnet/aic/opt/cuda/cuda-11.2/lib64:/lnet/aic/opt/cuda/cuda-11.2/cudnn/8.1.1/lib64:/lnet/aic/opt/cuda/cuda-11.2/extras/CUPTI/lib64:/lnet/aic/opt/cuda/cuda-11.2/lib64:/lnet/aic/opt/cuda/cuda-11.2/cudnn/8.1.1/lib64:/lnet/aic/opt/cuda/cuda-11.2/extras/CUPTI/lib64:
2023-05-15 17:09:27.587276: W tensorflow/compiler/xla/stream_executor/platform/default/dso_loader.cc:64] Could not load dynamic library 'libnvinfer_plugin.so.7'; dlerror: libnvinfer_plugin.so.7: cannot open shared object file: No such file or directory; LD_LIBRARY_PATH: /lnet/aic/opt/cuda/cuda-11.2/lib64:/lnet/aic/opt/cuda/cuda-11.2/cudnn/8.1.1/lib64:/lnet/aic/opt/cuda/cuda-11.2/extras/CUPTI/lib64:/lnet/aic/opt/cuda/cuda-11.2/lib64:/lnet/aic/opt/cuda/cuda-11.2/cudnn/8.1.1/lib64:/lnet/aic/opt/cuda/cuda-11.2/extras/CUPTI/lib64:
2023-05-15 17:09:27.587325: W tensorflow/compiler/tf2tensorrt/utils/py_utils.cc:38] TF-TRT Warning: Cannot dlopen some TensorRT libraries. If you would like to use Nvidia GPU with TensorRT, please make sure the missing libraries mentioned above are installed properly.
2023-05-15 17:09:29.423900: I tensorflow/core/platform/cpu_feature_guard.cc:193] This TensorFlow binary is optimized with oneAPI Deep Neural Network Library (oneDNN) to use the following CPU instructions in performance-critical operations:  AVX2 FMA
To enable them in other operations, rebuild TensorFlow with the appropriate compiler flags.
2023-05-15 17:09:29.924395: I tensorflow/core/platform/cpu_feature_guard.cc:193] This TensorFlow binary is optimized with oneAPI Deep Neural Network Library (oneDNN) to use the following CPU instructions in performance-critical operations:  AVX2 FMA
To enable them in other operations, rebuild TensorFlow with the appropriate compiler flags.
2023-05-15 17:09:29.949318: I tensorflow/core/platform/cpu_feature_guard.cc:193] This TensorFlow binary is optimized with oneAPI Deep Neural Network Library (oneDNN) to use the following CPU instructions in performance-critical operations:  AVX2 FMA
To enable them in other operations, rebuild TensorFlow with the appropriate compiler flags.
2023-05-15 17:09:29.949974: I tensorflow/core/platform/cpu_feature_guard.cc:193] This TensorFlow binary is optimized with oneAPI Deep Neural Network Library (oneDNN) to use the following CPU instructions in performance-critical operations:  AVX2 FMA
To enable them in other operations, rebuild TensorFlow with the appropriate compiler flags.
2023-05-15 17:09:29.967678: I tensorflow/core/platform/cpu_feature_guard.cc:193] This TensorFlow binary is optimized with oneAPI Deep Neural Network Library (oneDNN) to use the following CPU instructions in performance-critical operations:  AVX2 FMA
To enable them in other operations, rebuild TensorFlow with the appropriate compiler flags.
2023-05-15 17:09:29.992497: I tensorflow/core/platform/cpu_feature_guard.cc:193] This TensorFlow binary is optimized with oneAPI Deep Neural Network Library (oneDNN) to use the following CPU instructions in performance-critical operations:  AVX2 FMA
To enable them in other operations, rebuild TensorFlow with the appropriate compiler flags.
2023-05-15 17:09:30.005600: I tensorflow/core/platform/cpu_feature_guard.cc:193] This TensorFlow binary is optimized with oneAPI Deep Neural Network Library (oneDNN) to use the following CPU instructions in performance-critical operations:  AVX2 FMA
To enable them in other operations, rebuild TensorFlow with the appropriate compiler flags.
2023-05-15 17:09:30.035392: I tensorflow/core/platform/cpu_feature_guard.cc:193] This TensorFlow binary is optimized with oneAPI Deep Neural Network Library (oneDNN) to use the following CPU instructions in performance-critical operations:  AVX2 FMA
To enable them in other operations, rebuild TensorFlow with the appropriate compiler flags.
2023-05-15 17:09:30.042413: I tensorflow/core/platform/cpu_feature_guard.cc:193] This TensorFlow binary is optimized with oneAPI Deep Neural Network Library (oneDNN) to use the following CPU instructions in performance-critical operations:  AVX2 FMA
To enable them in other operations, rebuild TensorFlow with the appropriate compiler flags.
2023-05-15 17:09:30.065692: I tensorflow/core/platform/cpu_feature_guard.cc:193] This TensorFlow binary is optimized with oneAPI Deep Neural Network Library (oneDNN) to use the following CPU instructions in performance-critical operations:  AVX2 FMA
To enable them in other operations, rebuild TensorFlow with the appropriate compiler flags.
2023-05-15 17:09:30.090453: I tensorflow/core/platform/cpu_feature_guard.cc:193] This TensorFlow binary is optimized with oneAPI Deep Neural Network Library (oneDNN) to use the following CPU instructions in performance-critical operations:  AVX2 FMA
To enable them in other operations, rebuild TensorFlow with the appropriate compiler flags.
2023-05-15 17:09:30.105967: I tensorflow/core/platform/cpu_feature_guard.cc:193] This TensorFlow binary is optimized with oneAPI Deep Neural Network Library (oneDNN) to use the following CPU instructions in performance-critical operations:  AVX2 FMA
To enable them in other operations, rebuild TensorFlow with the appropriate compiler flags.
2023-05-15 17:09:30.153018: I tensorflow/core/platform/cpu_feature_guard.cc:193] This TensorFlow binary is optimized with oneAPI Deep Neural Network Library (oneDNN) to use the following CPU instructions in performance-critical operations:  AVX2 FMA
To enable them in other operations, rebuild TensorFlow with the appropriate compiler flags.
2023-05-15 17:09:30.805499: I tensorflow/core/common_runtime/gpu/gpu_device.cc:1613] Created device /job:localhost/replica:0/task:0/device:GPU:0 with 10403 MB memory:  -> device: 0, name: NVIDIA GeForce GTX 1080 Ti, pci bus id: 0000:04:00.0, compute capability: 6.1
2023-05-15 17:09:31.839522: W tensorflow/compiler/xla/stream_executor/platform/default/dso_loader.cc:64] Could not load dynamic library 'libnvinfer.so.7'; dlerror: libnvinfer.so.7: cannot open shared object file: No such file or directory; LD_LIBRARY_PATH: /lnet/aic/opt/cuda/cuda-11.2/lib64:/lnet/aic/opt/cuda/cuda-11.2/cudnn/8.1.1/lib64:/lnet/aic/opt/cuda/cuda-11.2/extras/CUPTI/lib64:/lnet/aic/opt/cuda/cuda-11.2/lib64:/lnet/aic/opt/cuda/cuda-11.2/cudnn/8.1.1/lib64:/lnet/aic/opt/cuda/cuda-11.2/extras/CUPTI/lib64:
2023-05-15 17:09:31.839735: W tensorflow/compiler/xla/stream_executor/platform/default/dso_loader.cc:64] Could not load dynamic library 'libnvinfer_plugin.so.7'; dlerror: libnvinfer_plugin.so.7: cannot open shared object file: No such file or directory; LD_LIBRARY_PATH: /lnet/aic/opt/cuda/cuda-11.2/lib64:/lnet/aic/opt/cuda/cuda-11.2/cudnn/8.1.1/lib64:/lnet/aic/opt/cuda/cuda-11.2/extras/CUPTI/lib64:/lnet/aic/opt/cuda/cuda-11.2/lib64:/lnet/aic/opt/cuda/cuda-11.2/cudnn/8.1.1/lib64:/lnet/aic/opt/cuda/cuda-11.2/extras/CUPTI/lib64:
2023-05-15 17:09:31.839737: W tensorflow/compiler/xla/stream_executor/platform/default/dso_loader.cc:64] Could not load dynamic library 'libnvinfer.so.7'; dlerror: libnvinfer.so.7: cannot open shared object file: No such file or directory; LD_LIBRARY_PATH: /lnet/aic/opt/cuda/cuda-11.2/lib64:/lnet/aic/opt/cuda/cuda-11.2/cudnn/8.1.1/lib64:/lnet/aic/opt/cuda/cuda-11.2/extras/CUPTI/lib64:/lnet/aic/opt/cuda/cuda-11.2/lib64:/lnet/aic/opt/cuda/cuda-11.2/cudnn/8.1.1/lib64:/lnet/aic/opt/cuda/cuda-11.2/extras/CUPTI/lib64:
2023-05-15 17:09:31.839771: W tensorflow/compiler/tf2tensorrt/utils/py_utils.cc:38] TF-TRT Warning: Cannot dlopen some TensorRT libraries. If you would like to use Nvidia GPU with TensorRT, please make sure the missing libraries mentioned above are installed properly.
2023-05-15 17:09:31.839939: W tensorflow/compiler/xla/stream_executor/platform/default/dso_loader.cc:64] Could not load dynamic library 'libnvinfer_plugin.so.7'; dlerror: libnvinfer_plugin.so.7: cannot open shared object file: No such file or directory; LD_LIBRARY_PATH: /lnet/aic/opt/cuda/cuda-11.2/lib64:/lnet/aic/opt/cuda/cuda-11.2/cudnn/8.1.1/lib64:/lnet/aic/opt/cuda/cuda-11.2/extras/CUPTI/lib64:/lnet/aic/opt/cuda/cuda-11.2/lib64:/lnet/aic/opt/cuda/cuda-11.2/cudnn/8.1.1/lib64:/lnet/aic/opt/cuda/cuda-11.2/extras/CUPTI/lib64:
2023-05-15 17:09:31.840016: W tensorflow/compiler/tf2tensorrt/utils/py_utils.cc:38] TF-TRT Warning: Cannot dlopen some TensorRT libraries. If you would like to use Nvidia GPU with TensorRT, please make sure the missing libraries mentioned above are installed properly.
2023-05-15 17:09:31.938040: W tensorflow/compiler/xla/stream_executor/platform/default/dso_loader.cc:64] Could not load dynamic library 'libnvinfer.so.7'; dlerror: libnvinfer.so.7: cannot open shared object file: No such file or directory; LD_LIBRARY_PATH: /lnet/aic/opt/cuda/cuda-11.2/lib64:/lnet/aic/opt/cuda/cuda-11.2/cudnn/8.1.1/lib64:/lnet/aic/opt/cuda/cuda-11.2/extras/CUPTI/lib64:/lnet/aic/opt/cuda/cuda-11.2/lib64:/lnet/aic/opt/cuda/cuda-11.2/cudnn/8.1.1/lib64:/lnet/aic/opt/cuda/cuda-11.2/extras/CUPTI/lib64:
2023-05-15 17:09:31.938262: W tensorflow/compiler/xla/stream_executor/platform/default/dso_loader.cc:64] Could not load dynamic library 'libnvinfer_plugin.so.7'; dlerror: libnvinfer_plugin.so.7: cannot open shared object file: No such file or directory; LD_LIBRARY_PATH: /lnet/aic/opt/cuda/cuda-11.2/lib64:/lnet/aic/opt/cuda/cuda-11.2/cudnn/8.1.1/lib64:/lnet/aic/opt/cuda/cuda-11.2/extras/CUPTI/lib64:/lnet/aic/opt/cuda/cuda-11.2/lib64:/lnet/aic/opt/cuda/cuda-11.2/cudnn/8.1.1/lib64:/lnet/aic/opt/cuda/cuda-11.2/extras/CUPTI/lib64:
2023-05-15 17:09:31.938298: W tensorflow/compiler/tf2tensorrt/utils/py_utils.cc:38] TF-TRT Warning: Cannot dlopen some TensorRT libraries. If you would like to use Nvidia GPU with TensorRT, please make sure the missing libraries mentioned above are installed properly.
2023-05-15 17:09:32.088323: W tensorflow/compiler/xla/stream_executor/platform/default/dso_loader.cc:64] Could not load dynamic library 'libnvinfer.so.7'; dlerror: libnvinfer.so.7: cannot open shared object file: No such file or directory; LD_LIBRARY_PATH: /lnet/aic/opt/cuda/cuda-11.2/lib64:/lnet/aic/opt/cuda/cuda-11.2/cudnn/8.1.1/lib64:/lnet/aic/opt/cuda/cuda-11.2/extras/CUPTI/lib64:/lnet/aic/opt/cuda/cuda-11.2/lib64:/lnet/aic/opt/cuda/cuda-11.2/cudnn/8.1.1/lib64:/lnet/aic/opt/cuda/cuda-11.2/extras/CUPTI/lib64:
2023-05-15 17:09:32.088531: W tensorflow/compiler/xla/stream_executor/platform/default/dso_loader.cc:64] Could not load dynamic library 'libnvinfer_plugin.so.7'; dlerror: libnvinfer_plugin.so.7: cannot open shared object file: No such file or directory; LD_LIBRARY_PATH: /lnet/aic/opt/cuda/cuda-11.2/lib64:/lnet/aic/opt/cuda/cuda-11.2/cudnn/8.1.1/lib64:/lnet/aic/opt/cuda/cuda-11.2/extras/CUPTI/lib64:/lnet/aic/opt/cuda/cuda-11.2/lib64:/lnet/aic/opt/cuda/cuda-11.2/cudnn/8.1.1/lib64:/lnet/aic/opt/cuda/cuda-11.2/extras/CUPTI/lib64:
2023-05-15 17:09:32.088568: W tensorflow/compiler/tf2tensorrt/utils/py_utils.cc:38] TF-TRT Warning: Cannot dlopen some TensorRT libraries. If you would like to use Nvidia GPU with TensorRT, please make sure the missing libraries mentioned above are installed properly.
2023-05-15 17:09:32.126111: W tensorflow/compiler/xla/stream_executor/platform/default/dso_loader.cc:64] Could not load dynamic library 'libnvinfer.so.7'; dlerror: libnvinfer.so.7: cannot open shared object file: No such file or directory; LD_LIBRARY_PATH: /lnet/aic/opt/cuda/cuda-11.2/lib64:/lnet/aic/opt/cuda/cuda-11.2/cudnn/8.1.1/lib64:/lnet/aic/opt/cuda/cuda-11.2/extras/CUPTI/lib64:/lnet/aic/opt/cuda/cuda-11.2/lib64:/lnet/aic/opt/cuda/cuda-11.2/cudnn/8.1.1/lib64:/lnet/aic/opt/cuda/cuda-11.2/extras/CUPTI/lib64:
2023-05-15 17:09:32.126423: W tensorflow/compiler/xla/stream_executor/platform/default/dso_loader.cc:64] Could not load dynamic library 'libnvinfer_plugin.so.7'; dlerror: libnvinfer_plugin.so.7: cannot open shared object file: No such file or directory; LD_LIBRARY_PATH: /lnet/aic/opt/cuda/cuda-11.2/lib64:/lnet/aic/opt/cuda/cuda-11.2/cudnn/8.1.1/lib64:/lnet/aic/opt/cuda/cuda-11.2/extras/CUPTI/lib64:/lnet/aic/opt/cuda/cuda-11.2/lib64:/lnet/aic/opt/cuda/cuda-11.2/cudnn/8.1.1/lib64:/lnet/aic/opt/cuda/cuda-11.2/extras/CUPTI/lib64:
2023-05-15 17:09:32.126524: W tensorflow/compiler/tf2tensorrt/utils/py_utils.cc:38] TF-TRT Warning: Cannot dlopen some TensorRT libraries. If you would like to use Nvidia GPU with TensorRT, please make sure the missing libraries mentioned above are installed properly.
2023-05-15 17:09:32.161686: W tensorflow/compiler/xla/stream_executor/platform/default/dso_loader.cc:64] Could not load dynamic library 'libnvinfer.so.7'; dlerror: libnvinfer.so.7: cannot open shared object file: No such file or directory; LD_LIBRARY_PATH: /lnet/aic/opt/cuda/cuda-11.2/lib64:/lnet/aic/opt/cuda/cuda-11.2/cudnn/8.1.1/lib64:/lnet/aic/opt/cuda/cuda-11.2/extras/CUPTI/lib64:/lnet/aic/opt/cuda/cuda-11.2/lib64:/lnet/aic/opt/cuda/cuda-11.2/cudnn/8.1.1/lib64:/lnet/aic/opt/cuda/cuda-11.2/extras/CUPTI/lib64:
2023-05-15 17:09:32.161988: W tensorflow/compiler/xla/stream_executor/platform/default/dso_loader.cc:64] Could not load dynamic library 'libnvinfer.so.7'; dlerror: libnvinfer.so.7: cannot open shared object file: No such file or directory; LD_LIBRARY_PATH: /lnet/aic/opt/cuda/cuda-11.2/lib64:/lnet/aic/opt/cuda/cuda-11.2/cudnn/8.1.1/lib64:/lnet/aic/opt/cuda/cuda-11.2/extras/CUPTI/lib64:/lnet/aic/opt/cuda/cuda-11.2/lib64:/lnet/aic/opt/cuda/cuda-11.2/cudnn/8.1.1/lib64:/lnet/aic/opt/cuda/cuda-11.2/extras/CUPTI/lib64:
2023-05-15 17:09:32.162019: W tensorflow/compiler/xla/stream_executor/platform/default/dso_loader.cc:64] Could not load dynamic library 'libnvinfer_plugin.so.7'; dlerror: libnvinfer_plugin.so.7: cannot open shared object file: No such file or directory; LD_LIBRARY_PATH: /lnet/aic/opt/cuda/cuda-11.2/lib64:/lnet/aic/opt/cuda/cuda-11.2/cudnn/8.1.1/lib64:/lnet/aic/opt/cuda/cuda-11.2/extras/CUPTI/lib64:/lnet/aic/opt/cuda/cuda-11.2/lib64:/lnet/aic/opt/cuda/cuda-11.2/cudnn/8.1.1/lib64:/lnet/aic/opt/cuda/cuda-11.2/extras/CUPTI/lib64:
2023-05-15 17:09:32.162094: W tensorflow/compiler/tf2tensorrt/utils/py_utils.cc:38] TF-TRT Warning: Cannot dlopen some TensorRT libraries. If you would like to use Nvidia GPU with TensorRT, please make sure the missing libraries mentioned above are installed properly.
2023-05-15 17:09:32.162236: W tensorflow/compiler/xla/stream_executor/platform/default/dso_loader.cc:64] Could not load dynamic library 'libnvinfer_plugin.so.7'; dlerror: libnvinfer_plugin.so.7: cannot open shared object file: No such file or directory; LD_LIBRARY_PATH: /lnet/aic/opt/cuda/cuda-11.2/lib64:/lnet/aic/opt/cuda/cuda-11.2/cudnn/8.1.1/lib64:/lnet/aic/opt/cuda/cuda-11.2/extras/CUPTI/lib64:/lnet/aic/opt/cuda/cuda-11.2/lib64:/lnet/aic/opt/cuda/cuda-11.2/cudnn/8.1.1/lib64:/lnet/aic/opt/cuda/cuda-11.2/extras/CUPTI/lib64:
2023-05-15 17:09:32.162272: W tensorflow/compiler/tf2tensorrt/utils/py_utils.cc:38] TF-TRT Warning: Cannot dlopen some TensorRT libraries. If you would like to use Nvidia GPU with TensorRT, please make sure the missing libraries mentioned above are installed properly.
2023-05-15 17:09:32.239034: W tensorflow/compiler/xla/stream_executor/platform/default/dso_loader.cc:64] Could not load dynamic library 'libnvinfer.so.7'; dlerror: libnvinfer.so.7: cannot open shared object file: No such file or directory; LD_LIBRARY_PATH: /lnet/aic/opt/cuda/cuda-11.2/lib64:/lnet/aic/opt/cuda/cuda-11.2/cudnn/8.1.1/lib64:/lnet/aic/opt/cuda/cuda-11.2/extras/CUPTI/lib64:/lnet/aic/opt/cuda/cuda-11.2/lib64:/lnet/aic/opt/cuda/cuda-11.2/cudnn/8.1.1/lib64:/lnet/aic/opt/cuda/cuda-11.2/extras/CUPTI/lib64:
2023-05-15 17:09:32.239328: W tensorflow/compiler/xla/stream_executor/platform/default/dso_loader.cc:64] Could not load dynamic library 'libnvinfer_plugin.so.7'; dlerror: libnvinfer_plugin.so.7: cannot open shared object file: No such file or directory; LD_LIBRARY_PATH: /lnet/aic/opt/cuda/cuda-11.2/lib64:/lnet/aic/opt/cuda/cuda-11.2/cudnn/8.1.1/lib64:/lnet/aic/opt/cuda/cuda-11.2/extras/CUPTI/lib64:/lnet/aic/opt/cuda/cuda-11.2/lib64:/lnet/aic/opt/cuda/cuda-11.2/cudnn/8.1.1/lib64:/lnet/aic/opt/cuda/cuda-11.2/extras/CUPTI/lib64:
2023-05-15 17:09:32.239408: W tensorflow/compiler/tf2tensorrt/utils/py_utils.cc:38] TF-TRT Warning: Cannot dlopen some TensorRT libraries. If you would like to use Nvidia GPU with TensorRT, please make sure the missing libraries mentioned above are installed properly.
2023-05-15 17:09:32.261578: W tensorflow/compiler/xla/stream_executor/platform/default/dso_loader.cc:64] Could not load dynamic library 'libnvinfer.so.7'; dlerror: libnvinfer.so.7: cannot open shared object file: No such file or directory; LD_LIBRARY_PATH: /lnet/aic/opt/cuda/cuda-11.2/lib64:/lnet/aic/opt/cuda/cuda-11.2/cudnn/8.1.1/lib64:/lnet/aic/opt/cuda/cuda-11.2/extras/CUPTI/lib64:/lnet/aic/opt/cuda/cuda-11.2/lib64:/lnet/aic/opt/cuda/cuda-11.2/cudnn/8.1.1/lib64:/lnet/aic/opt/cuda/cuda-11.2/extras/CUPTI/lib64:
2023-05-15 17:09:32.261789: W tensorflow/compiler/xla/stream_executor/platform/default/dso_loader.cc:64] Could not load dynamic library 'libnvinfer_plugin.so.7'; dlerror: libnvinfer_plugin.so.7: cannot open shared object file: No such file or directory; LD_LIBRARY_PATH: /lnet/aic/opt/cuda/cuda-11.2/lib64:/lnet/aic/opt/cuda/cuda-11.2/cudnn/8.1.1/lib64:/lnet/aic/opt/cuda/cuda-11.2/extras/CUPTI/lib64:/lnet/aic/opt/cuda/cuda-11.2/lib64:/lnet/aic/opt/cuda/cuda-11.2/cudnn/8.1.1/lib64:/lnet/aic/opt/cuda/cuda-11.2/extras/CUPTI/lib64:
2023-05-15 17:09:32.261826: W tensorflow/compiler/tf2tensorrt/utils/py_utils.cc:38] TF-TRT Warning: Cannot dlopen some TensorRT libraries. If you would like to use Nvidia GPU with TensorRT, please make sure the missing libraries mentioned above are installed properly.
2023-05-15 17:09:32.284895: W tensorflow/compiler/xla/stream_executor/platform/default/dso_loader.cc:64] Could not load dynamic library 'libnvinfer.so.7'; dlerror: libnvinfer.so.7: cannot open shared object file: No such file or directory; LD_LIBRARY_PATH: /lnet/aic/opt/cuda/cuda-11.2/lib64:/lnet/aic/opt/cuda/cuda-11.2/cudnn/8.1.1/lib64:/lnet/aic/opt/cuda/cuda-11.2/extras/CUPTI/lib64:/lnet/aic/opt/cuda/cuda-11.2/lib64:/lnet/aic/opt/cuda/cuda-11.2/cudnn/8.1.1/lib64:/lnet/aic/opt/cuda/cuda-11.2/extras/CUPTI/lib64:
2023-05-15 17:09:32.285097: W tensorflow/compiler/xla/stream_executor/platform/default/dso_loader.cc:64] Could not load dynamic library 'libnvinfer_plugin.so.7'; dlerror: libnvinfer_plugin.so.7: cannot open shared object file: No such file or directory; LD_LIBRARY_PATH: /lnet/aic/opt/cuda/cuda-11.2/lib64:/lnet/aic/opt/cuda/cuda-11.2/cudnn/8.1.1/lib64:/lnet/aic/opt/cuda/cuda-11.2/extras/CUPTI/lib64:/lnet/aic/opt/cuda/cuda-11.2/lib64:/lnet/aic/opt/cuda/cuda-11.2/cudnn/8.1.1/lib64:/lnet/aic/opt/cuda/cuda-11.2/extras/CUPTI/lib64:
2023-05-15 17:09:32.285133: W tensorflow/compiler/tf2tensorrt/utils/py_utils.cc:38] TF-TRT Warning: Cannot dlopen some TensorRT libraries. If you would like to use Nvidia GPU with TensorRT, please make sure the missing libraries mentioned above are installed properly.
2023-05-15 17:09:32.346821: W tensorflow/compiler/xla/stream_executor/platform/default/dso_loader.cc:64] Could not load dynamic library 'libnvinfer.so.7'; dlerror: libnvinfer.so.7: cannot open shared object file: No such file or directory; LD_LIBRARY_PATH: /lnet/aic/opt/cuda/cuda-11.2/lib64:/lnet/aic/opt/cuda/cuda-11.2/cudnn/8.1.1/lib64:/lnet/aic/opt/cuda/cuda-11.2/extras/CUPTI/lib64:/lnet/aic/opt/cuda/cuda-11.2/lib64:/lnet/aic/opt/cuda/cuda-11.2/cudnn/8.1.1/lib64:/lnet/aic/opt/cuda/cuda-11.2/extras/CUPTI/lib64:
2023-05-15 17:09:32.347122: W tensorflow/compiler/xla/stream_executor/platform/default/dso_loader.cc:64] Could not load dynamic library 'libnvinfer_plugin.so.7'; dlerror: libnvinfer_plugin.so.7: cannot open shared object file: No such file or directory; LD_LIBRARY_PATH: /lnet/aic/opt/cuda/cuda-11.2/lib64:/lnet/aic/opt/cuda/cuda-11.2/cudnn/8.1.1/lib64:/lnet/aic/opt/cuda/cuda-11.2/extras/CUPTI/lib64:/lnet/aic/opt/cuda/cuda-11.2/lib64:/lnet/aic/opt/cuda/cuda-11.2/cudnn/8.1.1/lib64:/lnet/aic/opt/cuda/cuda-11.2/extras/CUPTI/lib64:
2023-05-15 17:09:32.347179: W tensorflow/compiler/tf2tensorrt/utils/py_utils.cc:38] TF-TRT Warning: Cannot dlopen some TensorRT libraries. If you would like to use Nvidia GPU with TensorRT, please make sure the missing libraries mentioned above are installed properly.
2023-05-15 17:09:32.392439: W tensorflow/compiler/xla/stream_executor/platform/default/dso_loader.cc:64] Could not load dynamic library 'libnvinfer.so.7'; dlerror: libnvinfer.so.7: cannot open shared object file: No such file or directory; LD_LIBRARY_PATH: /lnet/aic/opt/cuda/cuda-11.2/lib64:/lnet/aic/opt/cuda/cuda-11.2/cudnn/8.1.1/lib64:/lnet/aic/opt/cuda/cuda-11.2/extras/CUPTI/lib64:/lnet/aic/opt/cuda/cuda-11.2/lib64:/lnet/aic/opt/cuda/cuda-11.2/cudnn/8.1.1/lib64:/lnet/aic/opt/cuda/cuda-11.2/extras/CUPTI/lib64:
2023-05-15 17:09:32.392663: W tensorflow/compiler/xla/stream_executor/platform/default/dso_loader.cc:64] Could not load dynamic library 'libnvinfer_plugin.so.7'; dlerror: libnvinfer_plugin.so.7: cannot open shared object file: No such file or directory; LD_LIBRARY_PATH: /lnet/aic/opt/cuda/cuda-11.2/lib64:/lnet/aic/opt/cuda/cuda-11.2/cudnn/8.1.1/lib64:/lnet/aic/opt/cuda/cuda-11.2/extras/CUPTI/lib64:/lnet/aic/opt/cuda/cuda-11.2/lib64:/lnet/aic/opt/cuda/cuda-11.2/cudnn/8.1.1/lib64:/lnet/aic/opt/cuda/cuda-11.2/extras/CUPTI/lib64:
2023-05-15 17:09:32.392703: W tensorflow/compiler/tf2tensorrt/utils/py_utils.cc:38] TF-TRT Warning: Cannot dlopen some TensorRT libraries. If you would like to use Nvidia GPU with TensorRT, please make sure the missing libraries mentioned above are installed properly.
/lnet/aic/personal/pechmanp/master-thesis/code/pipeline/.venv/lib/python3.9/site-packages/keras/initializers/initializers_v2.py:120: UserWarning: The initializer RandomNormal is unseeded and being called multiple times, which will return identical values  each time (even if the initializer is unseeded). Please update your code to provide a seed to the initializer, or avoid using the same initalizer instance more than once.
  warnings.warn(
All model checkpoint layers were used when initializing TFMT5ForConditionalGeneration.

All the layers of TFMT5ForConditionalGeneration were initialized from the model checkpoint at google/mt5-small.
If your task is similar to the task the model of the checkpoint was trained on, you can already use TFMT5ForConditionalGeneration for predictions without further training.
2023-05-15 17:09:49.484944: I tensorflow/core/profiler/lib/profiler_session.cc:101] Profiler session initializing.
2023-05-15 17:09:49.485032: I tensorflow/core/profiler/lib/profiler_session.cc:116] Profiler session started.
2023-05-15 17:09:49.485140: I tensorflow/core/profiler/backends/gpu/cupti_tracer.cc:1664] Profiler found 1 GPUs
2023-05-15 17:09:49.852965: I tensorflow/core/profiler/lib/profiler_session.cc:128] Profiler session tear down.
2023-05-15 17:09:49.859924: I tensorflow/core/profiler/backends/gpu/cupti_tracer.cc:1798] CUPTI activity buffer flushed
2023-05-15 17:09:49.913558: W tensorflow/core/grappler/optimizers/data/auto_shard.cc:784] AUTO sharding policy will apply DATA sharding policy as it failed to apply FILE sharding policy because of the following reason: Did not find a shardable source, walked to a node which is not a dataset: name: "GroupByWindowDataset/_12"
op: "GroupByWindowDataset"
input: "ShuffleDatasetV3/_9"
input: "Placeholder/_10"
input: "Placeholder/_11"
attr {
  key: "Tkey_func_other_arguments"
  value {
    list {
    }
  }
}
attr {
  key: "Treduce_func_other_arguments"
  value {
    list {
      type: DT_INT64
    }
  }
}
attr {
  key: "Twindow_size_func_other_arguments"
  value {
    list {
      type: DT_INT64
    }
  }
}
attr {
  key: "_cardinality"
  value {
    i: -2
  }
}
attr {
  key: "key_func"
  value {
    func {
      name: "__inference_Dataset_group_by_window_key_func_wrapper_74"
    }
  }
}
attr {
  key: "metadata"
  value {
    s: "\n\026GroupByWindowDataset:4"
  }
}
attr {
  key: "output_shapes"
  value {
    list {
      shape {
        dim {
          size: -1
        }
        dim {
          size: -1
        }
      }
      shape {
        dim {
          size: -1
        }
        dim {
          size: -1
        }
      }
      shape {
        dim {
          size: -1
        }
        dim {
          size: -1
        }
      }
      shape {
        dim {
          size: -1
        }
        dim {
          size: -1
        }
      }
    }
  }
}
attr {
  key: "output_types"
  value {
    list {
      type: DT_INT32
      type: DT_INT32
      type: DT_INT32
      type: DT_INT32
    }
  }
}
attr {
  key: "reduce_func"
  value {
    func {
      name: "__inference_Dataset_group_by_window_batching_fn_98"
    }
  }
}
attr {
  key: "window_size_func"
  value {
    func {
      name: "__inference_Dataset_group_by_window_window_size_func_wrapper_111"
    }
  }
}
experimental_type {
  type_id: TFT_PRODUCT
  args {
    type_id: TFT_DATASET
    args {
      type_id: TFT_PRODUCT
      args {
        type_id: TFT_TENSOR
        args {
          type_id: TFT_INT32
        }
      }
      args {
        type_id: TFT_TENSOR
        args {
          type_id: TFT_INT32
        }
      }
      args {
        type_id: TFT_TENSOR
        args {
          type_id: TFT_INT32
        }
      }
      args {
        type_id: TFT_TENSOR
        args {
          type_id: TFT_INT32
        }
      }
    }
  }
}
. Consider either turning off auto-sharding or switching the auto_shard_policy to DATA to shard this dataset. You can do this by creating a new `tf.data.Options()` object then setting `options.experimental_distribute.auto_shard_policy = AutoShardPolicy.DATA` before applying the options object to the dataset via `dataset.with_options(options)`.
Number of devices: 1
<keras.optimizers.optimizer_experimental.adam.Adam object at 0x7f97a3d1b190>
Epoch 1/10000
WARNING:tensorflow:From /lnet/aic/personal/pechmanp/master-thesis/code/pipeline/.venv/lib/python3.9/site-packages/tensorflow/python/autograph/pyct/static_analysis/liveness.py:83: Analyzer.lamba_check (from tensorflow.python.autograph.pyct.static_analysis.liveness) is deprecated and will be removed after 2023-09-23.
Instructions for updating:
Lambda fuctions will be no more assumed to be used in the statement where they are used, or at least in the same block. https://github.com/tensorflow/tensorflow/issues/56089
